<?xml version="1.0" encoding="UTF-8"?>
<!-- Generated by org.testng.reporters.JUnitXMLReporter -->
<testsuite ignored="1" hostname="FA073407.local" failures="0" tests="1" name="Default test" time="3.491" errors="0" timestamp="2025-07-13T00:25:59 IST">
  <testcase classname="com.ecommerce.tests.ProductTests" name="getAllProducts" time="2.836"/>
  <testcase classname="com.ecommerce.tests.ProductTests" name="getProductById" time="0.0">
    <ignored/>
  </testcase> <!-- getProductById -->
</testsuite> <!-- Default test -->
