<?xml version="1.0" encoding="UTF-8"?>
<testng-results ignored="0" total="1" passed="1" failed="0" skipped="0">
  <reporter-output>
  </reporter-output>
  <suite started-at="2025-07-13T00:25:50 IST" name="Default suite" finished-at="2025-07-13T00:25:54 IST" duration-ms="3491">
    <groups>
    </groups>
    <test started-at="2025-07-13T00:25:50 IST" name="Default test" finished-at="2025-07-13T00:25:54 IST" duration-ms="3491">
      <class name="com.ecommerce.tests.ProductTests">
        <test-method is-config="true" signature="setup()[pri:0, instance:com.ecommerce.tests.ProductTests@1ca3b418]" started-at="2025-07-13T00:25:50 IST" name="setup" finished-at="2025-07-13T00:25:51 IST" duration-ms="583" status="PASS">
          <reporter-output>
          </reporter-output>
        </test-method> <!-- setup -->
        <test-method signature="getAllProducts()[pri:1, instance:com.ecommerce.tests.ProductTests@1ca3b418]" started-at="2025-07-13T00:25:51 IST" name="getAllProducts" finished-at="2025-07-13T00:25:54 IST" duration-ms="2836" status="PASS">
          <reporter-output>
          </reporter-output>
        </test-method> <!-- getAllProducts -->
      </class> <!-- com.ecommerce.tests.ProductTests -->
    </test> <!-- Default test -->
  </suite> <!-- Default suite -->
</testng-results>
