<?xml version="1.0" encoding="UTF-8"?>
<testng-results ignored="0" total="1" passed="1" failed="0" skipped="0">
  <reporter-output>
  </reporter-output>
  <suite started-at="2025-07-13T01:36:33 IST" name="Default suite" finished-at="2025-07-13T01:36:44 IST" duration-ms="11186">
    <groups>
    </groups>
    <test started-at="2025-07-13T01:36:33 IST" name="Default test" finished-at="2025-07-13T01:36:44 IST" duration-ms="11186">
      <class name="com.ecommerce.tests.LoginPage">
        <test-method is-config="true" signature="setup()[pri:0, instance:com.ecommerce.tests.LoginPage@484094a5]" started-at="2025-07-13T01:36:33 IST" name="setup" finished-at="2025-07-13T01:36:33 IST" duration-ms="557" status="PASS">
          <reporter-output>
          </reporter-output>
        </test-method> <!-- setup -->
        <test-method signature="loginTest()[pri:0, instance:com.ecommerce.tests.LoginPage@484094a5]" started-at="2025-07-13T01:36:33 IST" name="loginTest" description="Verify login and token generation" finished-at="2025-07-13T01:36:44 IST" duration-ms="10525" status="PASS">
          <reporter-output>
          </reporter-output>
        </test-method> <!-- loginTest -->
      </class> <!-- com.ecommerce.tests.LoginPage -->
    </test> <!-- Default test -->
  </suite> <!-- Default suite -->
</testng-results>
